CRITICAL - 2021-03-18 03:03:35 --> Unknown column 'tbl_berita.id' in 'where clause'
#0 /home/melon/Web/Berita/system/Database/MySQLi/Connection.php(331): mysqli->query()
#1 /home/melon/Web/Berita/system/Database/BaseConnection.php(738): CodeIgniter\Database\MySQLi\Connection->execute()
#2 /home/melon/Web/Berita/system/Database/BaseConnection.php(666): CodeIgniter\Database\BaseConnection->simpleQuery()
#3 /home/melon/Web/Berita/system/Database/BaseBuilder.php(1845): CodeIgniter\Database\BaseConnection->query()
#4 /home/melon/Web/Berita/system/Model.php(381): CodeIgniter\Database\BaseBuilder->get()
#5 /home/melon/Web/Berita/app/Controllers/Admin.php(111): CodeIgniter\Model->find()
#6 /home/melon/Web/Berita/system/CodeIgniter.php(914): App\Controllers\Admin->delete()
#7 /home/melon/Web/Berita/system/CodeIgniter.php(400): CodeIgniter\CodeIgniter->runController()
#8 /home/melon/Web/Berita/system/CodeIgniter.php(308): CodeIgniter\CodeIgniter->handleRequest()
#9 /home/melon/Web/Berita/public/index.php(45): CodeIgniter\CodeIgniter->run()
#10 /home/melon/Web/Berita/system/Commands/Server/rewrite.php(34): require_once('/home/melon/Web...')
#11 {main}
CRITICAL - 2021-03-18 03:04:37 --> Unknown column 'id' in 'where clause'
#0 /home/melon/Web/Berita/system/Database/MySQLi/Connection.php(331): mysqli->query()
#1 /home/melon/Web/Berita/system/Database/BaseConnection.php(738): CodeIgniter\Database\MySQLi\Connection->execute()
#2 /home/melon/Web/Berita/system/Database/BaseConnection.php(666): CodeIgniter\Database\BaseConnection->simpleQuery()
#3 /home/melon/Web/Berita/system/Database/BaseBuilder.php(2836): CodeIgniter\Database\BaseConnection->query()
#4 /home/melon/Web/Berita/system/Model.php(952): CodeIgniter\Database\BaseBuilder->delete()
#5 /home/melon/Web/Berita/app/Controllers/Admin.php(112): CodeIgniter\Model->delete()
#6 /home/melon/Web/Berita/system/CodeIgniter.php(914): App\Controllers\Admin->delete()
#7 /home/melon/Web/Berita/system/CodeIgniter.php(400): CodeIgniter\CodeIgniter->runController()
#8 /home/melon/Web/Berita/system/CodeIgniter.php(308): CodeIgniter\CodeIgniter->handleRequest()
#9 /home/melon/Web/Berita/public/index.php(45): CodeIgniter\CodeIgniter->run()
#10 /home/melon/Web/Berita/system/Commands/Server/rewrite.php(34): require_once('/home/melon/Web...')
#11 {main}
CRITICAL - 2021-03-18 03:06:47 --> Unknown column 'id' in 'where clause'
#0 /home/melon/Web/Berita/system/Database/MySQLi/Connection.php(331): mysqli->query()
#1 /home/melon/Web/Berita/system/Database/BaseConnection.php(738): CodeIgniter\Database\MySQLi\Connection->execute()
#2 /home/melon/Web/Berita/system/Database/BaseConnection.php(666): CodeIgniter\Database\BaseConnection->simpleQuery()
#3 /home/melon/Web/Berita/system/Database/BaseBuilder.php(2836): CodeIgniter\Database\BaseConnection->query()
#4 /home/melon/Web/Berita/system/Model.php(952): CodeIgniter\Database\BaseBuilder->delete()
#5 /home/melon/Web/Berita/app/Controllers/Admin.php(112): CodeIgniter\Model->delete()
#6 /home/melon/Web/Berita/system/CodeIgniter.php(914): App\Controllers\Admin->delete()
#7 /home/melon/Web/Berita/system/CodeIgniter.php(400): CodeIgniter\CodeIgniter->runController()
#8 /home/melon/Web/Berita/system/CodeIgniter.php(308): CodeIgniter\CodeIgniter->handleRequest()
#9 /home/melon/Web/Berita/public/index.php(45): CodeIgniter\CodeIgniter->run()
#10 /home/melon/Web/Berita/system/Commands/Server/rewrite.php(34): require_once('/home/melon/Web...')
#11 {main}
CRITICAL - 2021-03-18 03:06:53 --> Unknown column 'id' in 'where clause'
#0 /home/melon/Web/Berita/system/Database/MySQLi/Connection.php(331): mysqli->query()
#1 /home/melon/Web/Berita/system/Database/BaseConnection.php(738): CodeIgniter\Database\MySQLi\Connection->execute()
#2 /home/melon/Web/Berita/system/Database/BaseConnection.php(666): CodeIgniter\Database\BaseConnection->simpleQuery()
#3 /home/melon/Web/Berita/system/Database/BaseBuilder.php(2836): CodeIgniter\Database\BaseConnection->query()
#4 /home/melon/Web/Berita/system/Model.php(952): CodeIgniter\Database\BaseBuilder->delete()
#5 /home/melon/Web/Berita/app/Controllers/Admin.php(112): CodeIgniter\Model->delete()
#6 /home/melon/Web/Berita/system/CodeIgniter.php(914): App\Controllers\Admin->delete()
#7 /home/melon/Web/Berita/system/CodeIgniter.php(400): CodeIgniter\CodeIgniter->runController()
#8 /home/melon/Web/Berita/system/CodeIgniter.php(308): CodeIgniter\CodeIgniter->handleRequest()
#9 /home/melon/Web/Berita/public/index.php(45): CodeIgniter\CodeIgniter->run()
#10 /home/melon/Web/Berita/system/Commands/Server/rewrite.php(34): require_once('/home/melon/Web...')
#11 {main}
