CRITICAL - 2021-03-07 00:31:08 --> Column 'password' cannot be null
#0 /home/melon/Web/login/system/Database/MySQLi/Connection.php(331): mysqli->query()
#1 /home/melon/Web/login/system/Database/BaseConnection.php(738): CodeIgniter\Database\MySQLi\Connection->execute()
#2 /home/melon/Web/login/system/Database/BaseConnection.php(666): CodeIgniter\Database\BaseConnection->simpleQuery()
#3 /home/melon/Web/login/system/Database/BaseBuilder.php(2234): CodeIgniter\Database\BaseConnection->query()
#4 /home/melon/Web/login/system/Model.php(729): CodeIgniter\Database\BaseBuilder->insert()
#5 /home/melon/Web/login/system/Model.php(557): CodeIgniter\Model->insert()
#6 /home/melon/Web/login/app/Controllers/Register.php(35): CodeIgniter\Model->save()
#7 /home/melon/Web/login/system/CodeIgniter.php(914): App\Controllers\Register->save()
#8 /home/melon/Web/login/system/CodeIgniter.php(400): CodeIgniter\CodeIgniter->runController()
#9 /home/melon/Web/login/system/CodeIgniter.php(308): CodeIgniter\CodeIgniter->handleRequest()
#10 /home/melon/Web/login/public/index.php(45): CodeIgniter\CodeIgniter->run()
#11 /home/melon/Web/login/system/Commands/Server/rewrite.php(34): require_once('/home/melon/Web...')
#12 {main}
CRITICAL - 2021-03-07 00:32:48 --> Duplicate entry '0' for key 'PRIMARY'
#0 /home/melon/Web/login/system/Database/MySQLi/Connection.php(331): mysqli->query()
#1 /home/melon/Web/login/system/Database/BaseConnection.php(738): CodeIgniter\Database\MySQLi\Connection->execute()
#2 /home/melon/Web/login/system/Database/BaseConnection.php(666): CodeIgniter\Database\BaseConnection->simpleQuery()
#3 /home/melon/Web/login/system/Database/BaseBuilder.php(2234): CodeIgniter\Database\BaseConnection->query()
#4 /home/melon/Web/login/system/Model.php(729): CodeIgniter\Database\BaseBuilder->insert()
#5 /home/melon/Web/login/system/Model.php(557): CodeIgniter\Model->insert()
#6 /home/melon/Web/login/app/Controllers/Register.php(35): CodeIgniter\Model->save()
#7 /home/melon/Web/login/system/CodeIgniter.php(914): App\Controllers\Register->save()
#8 /home/melon/Web/login/system/CodeIgniter.php(400): CodeIgniter\CodeIgniter->runController()
#9 /home/melon/Web/login/system/CodeIgniter.php(308): CodeIgniter\CodeIgniter->handleRequest()
#10 /home/melon/Web/login/public/index.php(45): CodeIgniter\CodeIgniter->run()
#11 /home/melon/Web/login/system/Commands/Server/rewrite.php(34): require_once('/home/melon/Web...')
#12 {main}
CRITICAL - 2021-03-07 01:00:27 --> email is not a valid rule.
#0 /home/melon/Web/login/system/Validation/Validation.php(302): CodeIgniter\Validation\Exceptions\ValidationException::forRuleNotFound()
#1 /home/melon/Web/login/system/Validation/Validation.php(189): CodeIgniter\Validation\Validation->processRules()
#2 /home/melon/Web/login/system/Controller.php(219): CodeIgniter\Validation\Validation->run()
#3 /home/melon/Web/login/app/Controllers/Register.php(24): CodeIgniter\Controller->validate()
#4 /home/melon/Web/login/system/CodeIgniter.php(914): App\Controllers\Register->save()
#5 /home/melon/Web/login/system/CodeIgniter.php(400): CodeIgniter\CodeIgniter->runController()
#6 /home/melon/Web/login/system/CodeIgniter.php(308): CodeIgniter\CodeIgniter->handleRequest()
#7 /home/melon/Web/login/public/index.php(45): CodeIgniter\CodeIgniter->run()
#8 /home/melon/Web/login/system/Commands/Server/rewrite.php(34): require_once('/home/melon/Web...')
#9 {main}
CRITICAL - 2021-03-07 01:05:12 --> Undefined variable: form_error
#0 /home/melon/Web/login/app/Views/register/index.php(22): CodeIgniter\Debug\Exceptions->errorHandler()
#1 /home/melon/Web/login/system/View/View.php(246): include('/home/melon/Web...')
#2 /home/melon/Web/login/system/Common.php(1087): CodeIgniter\View\View->render()
#3 /home/melon/Web/login/app/Controllers/Register.php(19): view()
#4 /home/melon/Web/login/system/CodeIgniter.php(914): App\Controllers\Register->index()
#5 /home/melon/Web/login/system/CodeIgniter.php(400): CodeIgniter\CodeIgniter->runController()
#6 /home/melon/Web/login/system/CodeIgniter.php(308): CodeIgniter\CodeIgniter->handleRequest()
#7 /home/melon/Web/login/public/index.php(45): CodeIgniter\CodeIgniter->run()
#8 /home/melon/Web/login/system/Commands/Server/rewrite.php(34): require_once('/home/melon/Web...')
#9 {main}
CRITICAL - 2021-03-07 01:09:49 --> Call to undefined function form_open()
#0 /home/melon/Web/login/system/View/View.php(246): include()
#1 /home/melon/Web/login/system/Common.php(1087): CodeIgniter\View\View->render()
#2 /home/melon/Web/login/app/Controllers/Register.php(19): view()
#3 /home/melon/Web/login/system/CodeIgniter.php(914): App\Controllers\Register->index()
#4 /home/melon/Web/login/system/CodeIgniter.php(400): CodeIgniter\CodeIgniter->runController()
#5 /home/melon/Web/login/system/CodeIgniter.php(308): CodeIgniter\CodeIgniter->handleRequest()
#6 /home/melon/Web/login/public/index.php(45): CodeIgniter\CodeIgniter->run()
#7 /home/melon/Web/login/system/Commands/Server/rewrite.php(34): require_once('/home/melon/Web...')
#8 {main}
CRITICAL - 2021-03-07 01:09:50 --> Call to undefined function form_open()
#0 /home/melon/Web/login/system/View/View.php(246): include()
#1 /home/melon/Web/login/system/Common.php(1087): CodeIgniter\View\View->render()
#2 /home/melon/Web/login/app/Controllers/Register.php(19): view()
#3 /home/melon/Web/login/system/CodeIgniter.php(914): App\Controllers\Register->index()
#4 /home/melon/Web/login/system/CodeIgniter.php(400): CodeIgniter\CodeIgniter->runController()
#5 /home/melon/Web/login/system/CodeIgniter.php(308): CodeIgniter\CodeIgniter->handleRequest()
#6 /home/melon/Web/login/public/index.php(45): CodeIgniter\CodeIgniter->run()
#7 /home/melon/Web/login/system/Commands/Server/rewrite.php(34): require_once('/home/melon/Web...')
#8 {main}
CRITICAL - 2021-03-07 01:09:51 --> Call to undefined function form_open()
#0 /home/melon/Web/login/system/View/View.php(246): include()
#1 /home/melon/Web/login/system/Common.php(1087): CodeIgniter\View\View->render()
#2 /home/melon/Web/login/app/Controllers/Register.php(19): view()
#3 /home/melon/Web/login/system/CodeIgniter.php(914): App\Controllers\Register->index()
#4 /home/melon/Web/login/system/CodeIgniter.php(400): CodeIgniter\CodeIgniter->runController()
#5 /home/melon/Web/login/system/CodeIgniter.php(308): CodeIgniter\CodeIgniter->handleRequest()
#6 /home/melon/Web/login/public/index.php(45): CodeIgniter\CodeIgniter->run()
#7 /home/melon/Web/login/system/Commands/Server/rewrite.php(34): require_once('/home/melon/Web...')
#8 {main}
CRITICAL - 2021-03-07 01:09:51 --> Call to undefined function form_open()
#0 /home/melon/Web/login/system/View/View.php(246): include()
#1 /home/melon/Web/login/system/Common.php(1087): CodeIgniter\View\View->render()
#2 /home/melon/Web/login/app/Controllers/Register.php(19): view()
#3 /home/melon/Web/login/system/CodeIgniter.php(914): App\Controllers\Register->index()
#4 /home/melon/Web/login/system/CodeIgniter.php(400): CodeIgniter\CodeIgniter->runController()
#5 /home/melon/Web/login/system/CodeIgniter.php(308): CodeIgniter\CodeIgniter->handleRequest()
#6 /home/melon/Web/login/public/index.php(45): CodeIgniter\CodeIgniter->run()
#7 /home/melon/Web/login/system/Commands/Server/rewrite.php(34): require_once('/home/melon/Web...')
#8 {main}
CRITICAL - 2021-03-07 01:10:24 --> Undefined variable: dd
#0 /home/melon/Web/login/app/Views/register/index.php(17): CodeIgniter\Debug\Exceptions->errorHandler()
#1 /home/melon/Web/login/system/View/View.php(246): include('/home/melon/Web...')
#2 /home/melon/Web/login/system/Common.php(1087): CodeIgniter\View\View->render()
#3 /home/melon/Web/login/app/Controllers/Register.php(19): view()
#4 /home/melon/Web/login/system/CodeIgniter.php(914): App\Controllers\Register->index()
#5 /home/melon/Web/login/system/CodeIgniter.php(400): CodeIgniter\CodeIgniter->runController()
#6 /home/melon/Web/login/system/CodeIgniter.php(308): CodeIgniter\CodeIgniter->handleRequest()
#7 /home/melon/Web/login/public/index.php(45): CodeIgniter\CodeIgniter->run()
#8 /home/melon/Web/login/system/Commands/Server/rewrite.php(34): require_once('/home/melon/Web...')
#9 {main}
