CRITICAL - 2021-03-05 20:30:26 --> syntax error, unexpected 'a' (T_STRING), expecting function (T_FUNCTION) or const (T_CONST)
#0 /home/melon/Web/login/system/Autoloader/Autoloader.php(296): CodeIgniter\Autoloader\Autoloader->requireFile()
#1 /home/melon/Web/login/system/Autoloader/Autoloader.php(258): CodeIgniter\Autoloader\Autoloader->loadInNamespace()
#2 [internal function]: CodeIgniter\Autoloader\Autoloader->loadClass()
#3 [internal function]: spl_autoload_call()
#4 /home/melon/Web/login/system/CodeIgniter.php(865): class_exists()
#5 /home/melon/Web/login/system/CodeIgniter.php(390): CodeIgniter\CodeIgniter->startController()
#6 /home/melon/Web/login/system/CodeIgniter.php(308): CodeIgniter\CodeIgniter->handleRequest()
#7 /home/melon/Web/login/public/index.php(45): CodeIgniter\CodeIgniter->run()
#8 /home/melon/Web/login/system/Commands/Server/rewrite.php(34): require_once('/home/melon/Web...')
#9 {main}
CRITICAL - 2021-03-05 20:35:26 --> Call to undefined method CodeIgniter\View\View::extends()
#0 /home/melon/Web/login/system/View/View.php(246): include()
#1 /home/melon/Web/login/system/Common.php(1087): CodeIgniter\View\View->render()
#2 /home/melon/Web/login/app/Controllers/Login.php(9): view()
#3 /home/melon/Web/login/system/CodeIgniter.php(914): App\Controllers\Login->index()
#4 /home/melon/Web/login/system/CodeIgniter.php(400): CodeIgniter\CodeIgniter->runController()
#5 /home/melon/Web/login/system/CodeIgniter.php(308): CodeIgniter\CodeIgniter->handleRequest()
#6 /home/melon/Web/login/public/index.php(45): CodeIgniter\CodeIgniter->run()
#7 /home/melon/Web/login/system/Commands/Server/rewrite.php(34): require_once('/home/melon/Web...')
#8 {main}
CRITICAL - 2021-03-05 21:04:37 --> Invalid file: login/index.php
#0 /home/melon/Web/login/system/View/View.php(228): CodeIgniter\Exceptions\FrameworkException::forInvalidFile()
#1 /home/melon/Web/login/system/Common.php(1087): CodeIgniter\View\View->render()
#2 /home/melon/Web/login/app/Controllers/Login.php(9): view()
#3 /home/melon/Web/login/system/CodeIgniter.php(914): App\Controllers\Login->index()
#4 /home/melon/Web/login/system/CodeIgniter.php(400): CodeIgniter\CodeIgniter->runController()
#5 /home/melon/Web/login/system/CodeIgniter.php(308): CodeIgniter\CodeIgniter->handleRequest()
#6 /home/melon/Web/login/public/index.php(45): CodeIgniter\CodeIgniter->run()
#7 /home/melon/Web/login/system/Commands/Server/rewrite.php(34): require_once('/home/melon/Web...')
#8 {main}
CRITICAL - 2021-03-05 21:55:01 --> Table 'login.login' doesn't exist
#0 /home/melon/Web/login/system/Database/MySQLi/Connection.php(331): mysqli->query()
#1 /home/melon/Web/login/system/Database/BaseConnection.php(738): CodeIgniter\Database\MySQLi\Connection->execute()
#2 /home/melon/Web/login/system/Database/BaseConnection.php(666): CodeIgniter\Database\BaseConnection->simpleQuery()
#3 /home/melon/Web/login/system/Database/BaseBuilder.php(1845): CodeIgniter\Database\BaseConnection->query()
#4 /home/melon/Web/login/system/Model.php(445): CodeIgniter\Database\BaseBuilder->get()
#5 /home/melon/Web/login/app/Controllers/Login.php(17): CodeIgniter\Model->findAll()
#6 /home/melon/Web/login/system/CodeIgniter.php(914): App\Controllers\Login->index()
#7 /home/melon/Web/login/system/CodeIgniter.php(400): CodeIgniter\CodeIgniter->runController()
#8 /home/melon/Web/login/system/CodeIgniter.php(308): CodeIgniter\CodeIgniter->handleRequest()
#9 /home/melon/Web/login/public/index.php(45): CodeIgniter\CodeIgniter->run()
#10 /home/melon/Web/login/system/Commands/Server/rewrite.php(34): require_once('/home/melon/Web...')
#11 {main}
CRITICAL - 2021-03-05 22:22:43 --> Undefined variable: validation
#0 /home/melon/Web/login/app/Views/register/index.php(17): CodeIgniter\Debug\Exceptions->errorHandler()
#1 /home/melon/Web/login/system/View/View.php(246): include('/home/melon/Web...')
#2 /home/melon/Web/login/system/Common.php(1087): CodeIgniter\View\View->render()
#3 /home/melon/Web/login/app/Controllers/Register.php(18): view()
#4 /home/melon/Web/login/system/CodeIgniter.php(914): App\Controllers\Register->index()
#5 /home/melon/Web/login/system/CodeIgniter.php(400): CodeIgniter\CodeIgniter->runController()
#6 /home/melon/Web/login/system/CodeIgniter.php(308): CodeIgniter\CodeIgniter->handleRequest()
#7 /home/melon/Web/login/public/index.php(45): CodeIgniter\CodeIgniter->run()
#8 /home/melon/Web/login/system/Commands/Server/rewrite.php(34): require_once('/home/melon/Web...')
#9 {main}
