CRITICAL - 2021-04-11 23:21:27 --> syntax error, unexpected 'return' (T_RETURN)
#0 /home/melon/Web/Berita/system/Autoloader/Autoloader.php(296): CodeIgniter\Autoloader\Autoloader->requireFile()
#1 /home/melon/Web/Berita/system/Autoloader/Autoloader.php(258): CodeIgniter\Autoloader\Autoloader->loadInNamespace()
#2 [internal function]: CodeIgniter\Autoloader\Autoloader->loadClass()
#3 /home/melon/Web/Berita/app/Controllers/Kategori.php(12): spl_autoload_call()
#4 /home/melon/Web/Berita/system/CodeIgniter.php(886): App\Controllers\Kategori->__construct()
#5 /home/melon/Web/Berita/system/CodeIgniter.php(395): CodeIgniter\CodeIgniter->createController()
#6 /home/melon/Web/Berita/system/CodeIgniter.php(308): CodeIgniter\CodeIgniter->handleRequest()
#7 /home/melon/Web/Berita/public/index.php(45): CodeIgniter\CodeIgniter->run()
#8 /home/melon/Web/Berita/system/Commands/Server/rewrite.php(34): require_once('/home/melon/Web...')
#9 {main}
CRITICAL - 2021-04-11 23:21:35 --> syntax error, unexpected 'return' (T_RETURN)
#0 /home/melon/Web/Berita/system/Autoloader/Autoloader.php(296): CodeIgniter\Autoloader\Autoloader->requireFile()
#1 /home/melon/Web/Berita/system/Autoloader/Autoloader.php(258): CodeIgniter\Autoloader\Autoloader->loadInNamespace()
#2 [internal function]: CodeIgniter\Autoloader\Autoloader->loadClass()
#3 /home/melon/Web/Berita/app/Controllers/Kategori.php(12): spl_autoload_call()
#4 /home/melon/Web/Berita/system/CodeIgniter.php(886): App\Controllers\Kategori->__construct()
#5 /home/melon/Web/Berita/system/CodeIgniter.php(395): CodeIgniter\CodeIgniter->createController()
#6 /home/melon/Web/Berita/system/CodeIgniter.php(308): CodeIgniter\CodeIgniter->handleRequest()
#7 /home/melon/Web/Berita/public/index.php(45): CodeIgniter\CodeIgniter->run()
#8 /home/melon/Web/Berita/system/Commands/Server/rewrite.php(34): require_once('/home/melon/Web...')
#9 {main}
CRITICAL - 2021-04-11 23:21:36 --> syntax error, unexpected 'return' (T_RETURN)
#0 /home/melon/Web/Berita/system/Autoloader/Autoloader.php(296): CodeIgniter\Autoloader\Autoloader->requireFile()
#1 /home/melon/Web/Berita/system/Autoloader/Autoloader.php(258): CodeIgniter\Autoloader\Autoloader->loadInNamespace()
#2 [internal function]: CodeIgniter\Autoloader\Autoloader->loadClass()
#3 /home/melon/Web/Berita/app/Controllers/Admin.php(11): spl_autoload_call()
#4 /home/melon/Web/Berita/system/CodeIgniter.php(886): App\Controllers\Admin->__construct()
#5 /home/melon/Web/Berita/system/CodeIgniter.php(395): CodeIgniter\CodeIgniter->createController()
#6 /home/melon/Web/Berita/system/CodeIgniter.php(308): CodeIgniter\CodeIgniter->handleRequest()
#7 /home/melon/Web/Berita/public/index.php(45): CodeIgniter\CodeIgniter->run()
#8 /home/melon/Web/Berita/system/Commands/Server/rewrite.php(34): require_once('/home/melon/Web...')
#9 {main}
