CRITICAL - 2021-03-08 00:47:05 --> Trying to access array offset on value of type null
#0 /home/melon/Web/login/app/Controllers/Login.php(33): CodeIgniter\Debug\Exceptions->errorHandler()
#1 /home/melon/Web/login/system/CodeIgniter.php(914): App\Controllers\Login->login_action()
#2 /home/melon/Web/login/system/CodeIgniter.php(400): CodeIgniter\CodeIgniter->runController()
#3 /home/melon/Web/login/system/CodeIgniter.php(308): CodeIgniter\CodeIgniter->handleRequest()
#4 /home/melon/Web/login/public/index.php(45): CodeIgniter\CodeIgniter->run()
#5 /home/melon/Web/login/system/Commands/Server/rewrite.php(34): require_once('/home/melon/Web...')
#6 {main}
CRITICAL - 2021-03-08 00:49:45 --> Trying to access array offset on value of type null
#0 /home/melon/Web/login/app/Controllers/Login.php(33): CodeIgniter\Debug\Exceptions->errorHandler()
#1 /home/melon/Web/login/system/CodeIgniter.php(914): App\Controllers\Login->login_action()
#2 /home/melon/Web/login/system/CodeIgniter.php(400): CodeIgniter\CodeIgniter->runController()
#3 /home/melon/Web/login/system/CodeIgniter.php(308): CodeIgniter\CodeIgniter->handleRequest()
#4 /home/melon/Web/login/public/index.php(45): CodeIgniter\CodeIgniter->run()
#5 /home/melon/Web/login/system/Commands/Server/rewrite.php(34): require_once('/home/melon/Web...')
#6 {main}
CRITICAL - 2021-03-08 00:51:09 --> Call to undefined method App\Models\LoginModel::get_data
#0 /home/melon/Web/login/app/Controllers/Login.php(31): CodeIgniter\Model->__call()
#1 /home/melon/Web/login/system/CodeIgniter.php(914): App\Controllers\Login->login_action()
#2 /home/melon/Web/login/system/CodeIgniter.php(400): CodeIgniter\CodeIgniter->runController()
#3 /home/melon/Web/login/system/CodeIgniter.php(308): CodeIgniter\CodeIgniter->handleRequest()
#4 /home/melon/Web/login/public/index.php(45): CodeIgniter\CodeIgniter->run()
#5 /home/melon/Web/login/system/Commands/Server/rewrite.php(34): require_once('/home/melon/Web...')
#6 {main}
CRITICAL - 2021-03-08 00:52:18 --> syntax error, unexpected 'if' (T_IF)
#0 /home/melon/Web/login/system/Router/Router.php(192): CodeIgniter\Router\Router->autoRoute()
#1 /home/melon/Web/login/system/CodeIgniter.php(789): CodeIgniter\Router\Router->handle()
#2 /home/melon/Web/login/system/CodeIgniter.php(360): CodeIgniter\CodeIgniter->tryToRouteIt()
#3 /home/melon/Web/login/system/CodeIgniter.php(308): CodeIgniter\CodeIgniter->handleRequest()
#4 /home/melon/Web/login/public/index.php(45): CodeIgniter\CodeIgniter->run()
#5 /home/melon/Web/login/system/Commands/Server/rewrite.php(34): require_once('/home/melon/Web...')
#6 {main}
CRITICAL - 2021-03-08 00:52:31 --> Undefined index: email
#0 /home/melon/Web/login/app/Controllers/Login.php(33): CodeIgniter\Debug\Exceptions->errorHandler()
#1 /home/melon/Web/login/system/CodeIgniter.php(914): App\Controllers\Login->login_action()
#2 /home/melon/Web/login/system/CodeIgniter.php(400): CodeIgniter\CodeIgniter->runController()
#3 /home/melon/Web/login/system/CodeIgniter.php(308): CodeIgniter\CodeIgniter->handleRequest()
#4 /home/melon/Web/login/public/index.php(45): CodeIgniter\CodeIgniter->run()
#5 /home/melon/Web/login/system/Commands/Server/rewrite.php(34): require_once('/home/melon/Web...')
#6 {main}
CRITICAL - 2021-03-08 00:54:22 --> Undefined index: email
#0 /home/melon/Web/login/app/Controllers/Login.php(33): CodeIgniter\Debug\Exceptions->errorHandler()
#1 /home/melon/Web/login/system/CodeIgniter.php(914): App\Controllers\Login->login_action()
#2 /home/melon/Web/login/system/CodeIgniter.php(400): CodeIgniter\CodeIgniter->runController()
#3 /home/melon/Web/login/system/CodeIgniter.php(308): CodeIgniter\CodeIgniter->handleRequest()
#4 /home/melon/Web/login/public/index.php(45): CodeIgniter\CodeIgniter->run()
#5 /home/melon/Web/login/system/Commands/Server/rewrite.php(34): require_once('/home/melon/Web...')
#6 {main}
CRITICAL - 2021-03-08 00:55:51 --> Undefined index: email
#0 /home/melon/Web/login/app/Controllers/Login.php(33): CodeIgniter\Debug\Exceptions->errorHandler()
#1 /home/melon/Web/login/system/CodeIgniter.php(914): App\Controllers\Login->login_action()
#2 /home/melon/Web/login/system/CodeIgniter.php(400): CodeIgniter\CodeIgniter->runController()
#3 /home/melon/Web/login/system/CodeIgniter.php(308): CodeIgniter\CodeIgniter->handleRequest()
#4 /home/melon/Web/login/public/index.php(45): CodeIgniter\CodeIgniter->run()
#5 /home/melon/Web/login/system/Commands/Server/rewrite.php(34): require_once('/home/melon/Web...')
#6 {main}
CRITICAL - 2021-03-08 00:56:57 --> Undefined index: email
#0 /home/melon/Web/login/app/Controllers/Login.php(32): CodeIgniter\Debug\Exceptions->errorHandler()
#1 /home/melon/Web/login/system/CodeIgniter.php(914): App\Controllers\Login->login_action()
#2 /home/melon/Web/login/system/CodeIgniter.php(400): CodeIgniter\CodeIgniter->runController()
#3 /home/melon/Web/login/system/CodeIgniter.php(308): CodeIgniter\CodeIgniter->handleRequest()
#4 /home/melon/Web/login/public/index.php(45): CodeIgniter\CodeIgniter->run()
#5 /home/melon/Web/login/system/Commands/Server/rewrite.php(34): require_once('/home/melon/Web...')
#6 {main}
CRITICAL - 2021-03-08 01:01:51 --> Undefined index: email
#0 /home/melon/Web/login/app/Controllers/Login.php(32): CodeIgniter\Debug\Exceptions->errorHandler()
#1 /home/melon/Web/login/system/CodeIgniter.php(914): App\Controllers\Login->login_action()
#2 /home/melon/Web/login/system/CodeIgniter.php(400): CodeIgniter\CodeIgniter->runController()
#3 /home/melon/Web/login/system/CodeIgniter.php(308): CodeIgniter\CodeIgniter->handleRequest()
#4 /home/melon/Web/login/public/index.php(45): CodeIgniter\CodeIgniter->run()
#5 /home/melon/Web/login/system/Commands/Server/rewrite.php(34): require_once('/home/melon/Web...')
#6 {main}
CRITICAL - 2021-03-08 01:02:16 --> Undefined index: name
#0 /home/melon/Web/login/app/Controllers/Login.php(32): CodeIgniter\Debug\Exceptions->errorHandler()
#1 /home/melon/Web/login/system/CodeIgniter.php(914): App\Controllers\Login->login_action()
#2 /home/melon/Web/login/system/CodeIgniter.php(400): CodeIgniter\CodeIgniter->runController()
#3 /home/melon/Web/login/system/CodeIgniter.php(308): CodeIgniter\CodeIgniter->handleRequest()
#4 /home/melon/Web/login/public/index.php(45): CodeIgniter\CodeIgniter->run()
#5 /home/melon/Web/login/system/Commands/Server/rewrite.php(34): require_once('/home/melon/Web...')
#6 {main}
CRITICAL - 2021-03-08 01:03:05 --> Undefined index: name
#0 /home/melon/Web/login/app/Controllers/Login.php(31): CodeIgniter\Debug\Exceptions->errorHandler()
#1 /home/melon/Web/login/system/CodeIgniter.php(914): App\Controllers\Login->login_action()
#2 /home/melon/Web/login/system/CodeIgniter.php(400): CodeIgniter\CodeIgniter->runController()
#3 /home/melon/Web/login/system/CodeIgniter.php(308): CodeIgniter\CodeIgniter->handleRequest()
#4 /home/melon/Web/login/public/index.php(45): CodeIgniter\CodeIgniter->run()
#5 /home/melon/Web/login/system/Commands/Server/rewrite.php(34): require_once('/home/melon/Web...')
#6 {main}
CRITICAL - 2021-03-08 01:06:02 --> Undefined index: name
#0 /home/melon/Web/login/app/Controllers/Login.php(32): CodeIgniter\Debug\Exceptions->errorHandler()
#1 /home/melon/Web/login/system/CodeIgniter.php(914): App\Controllers\Login->login_action()
#2 /home/melon/Web/login/system/CodeIgniter.php(400): CodeIgniter\CodeIgniter->runController()
#3 /home/melon/Web/login/system/CodeIgniter.php(308): CodeIgniter\CodeIgniter->handleRequest()
#4 /home/melon/Web/login/public/index.php(45): CodeIgniter\CodeIgniter->run()
#5 /home/melon/Web/login/system/Commands/Server/rewrite.php(34): require_once('/home/melon/Web...')
#6 {main}
CRITICAL - 2021-03-08 01:07:53 --> Undefined index: name
#0 /home/melon/Web/login/app/Controllers/Login.php(33): CodeIgniter\Debug\Exceptions->errorHandler()
#1 /home/melon/Web/login/system/CodeIgniter.php(914): App\Controllers\Login->login_action()
#2 /home/melon/Web/login/system/CodeIgniter.php(400): CodeIgniter\CodeIgniter->runController()
#3 /home/melon/Web/login/system/CodeIgniter.php(308): CodeIgniter\CodeIgniter->handleRequest()
#4 /home/melon/Web/login/public/index.php(45): CodeIgniter\CodeIgniter->run()
#5 /home/melon/Web/login/system/Commands/Server/rewrite.php(34): require_once('/home/melon/Web...')
#6 {main}
CRITICAL - 2021-03-08 01:10:17 --> Too few arguments to function App\Models\LoginModel::get_data(), 0 passed in /home/melon/Web/login/app/Controllers/Login.php on line 30 and exactly 2 expected
#0 /home/melon/Web/login/app/Controllers/Login.php(30): App\Models\LoginModel->get_data()
#1 /home/melon/Web/login/system/CodeIgniter.php(914): App\Controllers\Login->login_action()
#2 /home/melon/Web/login/system/CodeIgniter.php(400): CodeIgniter\CodeIgniter->runController()
#3 /home/melon/Web/login/system/CodeIgniter.php(308): CodeIgniter\CodeIgniter->handleRequest()
#4 /home/melon/Web/login/public/index.php(45): CodeIgniter\CodeIgniter->run()
#5 /home/melon/Web/login/system/Commands/Server/rewrite.php(34): require_once('/home/melon/Web...')
#6 {main}
CRITICAL - 2021-03-08 01:15:46 --> Undefined variable: email
#0 /home/melon/Web/login/app/Controllers/Login.php(31): CodeIgniter\Debug\Exceptions->errorHandler()
#1 /home/melon/Web/login/system/CodeIgniter.php(914): App\Controllers\Login->login_action()
#2 /home/melon/Web/login/system/CodeIgniter.php(400): CodeIgniter\CodeIgniter->runController()
#3 /home/melon/Web/login/system/CodeIgniter.php(308): CodeIgniter\CodeIgniter->handleRequest()
#4 /home/melon/Web/login/public/index.php(45): CodeIgniter\CodeIgniter->run()
#5 /home/melon/Web/login/system/Commands/Server/rewrite.php(34): require_once('/home/melon/Web...')
#6 {main}
CRITICAL - 2021-03-08 01:16:02 --> Undefined variable: email
#0 /home/melon/Web/login/app/Controllers/Login.php(31): CodeIgniter\Debug\Exceptions->errorHandler()
#1 /home/melon/Web/login/system/CodeIgniter.php(914): App\Controllers\Login->login_action()
#2 /home/melon/Web/login/system/CodeIgniter.php(400): CodeIgniter\CodeIgniter->runController()
#3 /home/melon/Web/login/system/CodeIgniter.php(308): CodeIgniter\CodeIgniter->handleRequest()
#4 /home/melon/Web/login/public/index.php(45): CodeIgniter\CodeIgniter->run()
#5 /home/melon/Web/login/system/Commands/Server/rewrite.php(34): require_once('/home/melon/Web...')
#6 {main}
CRITICAL - 2021-03-08 01:16:05 --> Undefined variable: email
#0 /home/melon/Web/login/app/Controllers/Login.php(31): CodeIgniter\Debug\Exceptions->errorHandler()
#1 /home/melon/Web/login/system/CodeIgniter.php(914): App\Controllers\Login->login_action()
#2 /home/melon/Web/login/system/CodeIgniter.php(400): CodeIgniter\CodeIgniter->runController()
#3 /home/melon/Web/login/system/CodeIgniter.php(308): CodeIgniter\CodeIgniter->handleRequest()
#4 /home/melon/Web/login/public/index.php(45): CodeIgniter\CodeIgniter->run()
#5 /home/melon/Web/login/system/Commands/Server/rewrite.php(34): require_once('/home/melon/Web...')
#6 {main}
CRITICAL - 2021-03-08 01:20:15 --> You must set the database table to be used with your query.
#0 /home/melon/Web/login/system/Model.php(1206): CodeIgniter\Database\BaseConnection->table()
#1 /home/melon/Web/login/system/Model.php(437): CodeIgniter\Model->builder()
#2 /home/melon/Web/login/app/Controllers/Login.php(19): CodeIgniter\Model->findAll()
#3 /home/melon/Web/login/system/CodeIgniter.php(914): App\Controllers\Login->index()
#4 /home/melon/Web/login/system/CodeIgniter.php(400): CodeIgniter\CodeIgniter->runController()
#5 /home/melon/Web/login/system/CodeIgniter.php(308): CodeIgniter\CodeIgniter->handleRequest()
#6 /home/melon/Web/login/public/index.php(45): CodeIgniter\CodeIgniter->run()
#7 /home/melon/Web/login/system/Commands/Server/rewrite.php(34): require_once('/home/melon/Web...')
#8 {main}
CRITICAL - 2021-03-08 01:20:17 --> You must set the database table to be used with your query.
#0 /home/melon/Web/login/system/Model.php(1206): CodeIgniter\Database\BaseConnection->table()
#1 /home/melon/Web/login/system/Model.php(437): CodeIgniter\Model->builder()
#2 /home/melon/Web/login/app/Controllers/Register.php(16): CodeIgniter\Model->findAll()
#3 /home/melon/Web/login/system/CodeIgniter.php(914): App\Controllers\Register->index()
#4 /home/melon/Web/login/system/CodeIgniter.php(400): CodeIgniter\CodeIgniter->runController()
#5 /home/melon/Web/login/system/CodeIgniter.php(308): CodeIgniter\CodeIgniter->handleRequest()
#6 /home/melon/Web/login/public/index.php(45): CodeIgniter\CodeIgniter->run()
#7 /home/melon/Web/login/system/Commands/Server/rewrite.php(34): require_once('/home/melon/Web...')
#8 {main}
CRITICAL - 2021-03-08 01:20:17 --> You must set the database table to be used with your query.
#0 /home/melon/Web/login/system/Model.php(1206): CodeIgniter\Database\BaseConnection->table()
#1 /home/melon/Web/login/system/Model.php(437): CodeIgniter\Model->builder()
#2 /home/melon/Web/login/app/Controllers/Login.php(19): CodeIgniter\Model->findAll()
#3 /home/melon/Web/login/system/CodeIgniter.php(914): App\Controllers\Login->index()
#4 /home/melon/Web/login/system/CodeIgniter.php(400): CodeIgniter\CodeIgniter->runController()
#5 /home/melon/Web/login/system/CodeIgniter.php(308): CodeIgniter\CodeIgniter->handleRequest()
#6 /home/melon/Web/login/public/index.php(45): CodeIgniter\CodeIgniter->run()
#7 /home/melon/Web/login/system/Commands/Server/rewrite.php(34): require_once('/home/melon/Web...')
#8 {main}
CRITICAL - 2021-03-08 01:20:18 --> You must set the database table to be used with your query.
#0 /home/melon/Web/login/system/Model.php(1206): CodeIgniter\Database\BaseConnection->table()
#1 /home/melon/Web/login/system/Model.php(437): CodeIgniter\Model->builder()
#2 /home/melon/Web/login/app/Controllers/Register.php(16): CodeIgniter\Model->findAll()
#3 /home/melon/Web/login/system/CodeIgniter.php(914): App\Controllers\Register->index()
#4 /home/melon/Web/login/system/CodeIgniter.php(400): CodeIgniter\CodeIgniter->runController()
#5 /home/melon/Web/login/system/CodeIgniter.php(308): CodeIgniter\CodeIgniter->handleRequest()
#6 /home/melon/Web/login/public/index.php(45): CodeIgniter\CodeIgniter->run()
#7 /home/melon/Web/login/system/Commands/Server/rewrite.php(34): require_once('/home/melon/Web...')
#8 {main}
CRITICAL - 2021-03-08 01:20:19 --> You must set the database table to be used with your query.
#0 /home/melon/Web/login/system/Model.php(1206): CodeIgniter\Database\BaseConnection->table()
#1 /home/melon/Web/login/system/Model.php(437): CodeIgniter\Model->builder()
#2 /home/melon/Web/login/app/Controllers/Register.php(16): CodeIgniter\Model->findAll()
#3 /home/melon/Web/login/system/CodeIgniter.php(914): App\Controllers\Register->index()
#4 /home/melon/Web/login/system/CodeIgniter.php(400): CodeIgniter\CodeIgniter->runController()
#5 /home/melon/Web/login/system/CodeIgniter.php(308): CodeIgniter\CodeIgniter->handleRequest()
#6 /home/melon/Web/login/public/index.php(45): CodeIgniter\CodeIgniter->run()
#7 /home/melon/Web/login/system/Commands/Server/rewrite.php(34): require_once('/home/melon/Web...')
#8 {main}
CRITICAL - 2021-03-08 01:20:19 --> You must set the database table to be used with your query.
#0 /home/melon/Web/login/system/Model.php(1206): CodeIgniter\Database\BaseConnection->table()
#1 /home/melon/Web/login/system/Model.php(437): CodeIgniter\Model->builder()
#2 /home/melon/Web/login/app/Controllers/Register.php(16): CodeIgniter\Model->findAll()
#3 /home/melon/Web/login/system/CodeIgniter.php(914): App\Controllers\Register->index()
#4 /home/melon/Web/login/system/CodeIgniter.php(400): CodeIgniter\CodeIgniter->runController()
#5 /home/melon/Web/login/system/CodeIgniter.php(308): CodeIgniter\CodeIgniter->handleRequest()
#6 /home/melon/Web/login/public/index.php(45): CodeIgniter\CodeIgniter->run()
#7 /home/melon/Web/login/system/Commands/Server/rewrite.php(34): require_once('/home/melon/Web...')
#8 {main}
CRITICAL - 2021-03-08 01:20:20 --> You must set the database table to be used with your query.
#0 /home/melon/Web/login/system/Model.php(1206): CodeIgniter\Database\BaseConnection->table()
#1 /home/melon/Web/login/system/Model.php(437): CodeIgniter\Model->builder()
#2 /home/melon/Web/login/app/Controllers/Login.php(19): CodeIgniter\Model->findAll()
#3 /home/melon/Web/login/system/CodeIgniter.php(914): App\Controllers\Login->index()
#4 /home/melon/Web/login/system/CodeIgniter.php(400): CodeIgniter\CodeIgniter->runController()
#5 /home/melon/Web/login/system/CodeIgniter.php(308): CodeIgniter\CodeIgniter->handleRequest()
#6 /home/melon/Web/login/public/index.php(45): CodeIgniter\CodeIgniter->run()
#7 /home/melon/Web/login/system/Commands/Server/rewrite.php(34): require_once('/home/melon/Web...')
#8 {main}
CRITICAL - 2021-03-08 01:20:20 --> You must set the database table to be used with your query.
#0 /home/melon/Web/login/system/Model.php(1206): CodeIgniter\Database\BaseConnection->table()
#1 /home/melon/Web/login/system/Model.php(437): CodeIgniter\Model->builder()
#2 /home/melon/Web/login/app/Controllers/Register.php(16): CodeIgniter\Model->findAll()
#3 /home/melon/Web/login/system/CodeIgniter.php(914): App\Controllers\Register->index()
#4 /home/melon/Web/login/system/CodeIgniter.php(400): CodeIgniter\CodeIgniter->runController()
#5 /home/melon/Web/login/system/CodeIgniter.php(308): CodeIgniter\CodeIgniter->handleRequest()
#6 /home/melon/Web/login/public/index.php(45): CodeIgniter\CodeIgniter->run()
#7 /home/melon/Web/login/system/Commands/Server/rewrite.php(34): require_once('/home/melon/Web...')
#8 {main}
CRITICAL - 2021-03-08 01:20:20 --> You must set the database table to be used with your query.
#0 /home/melon/Web/login/system/Model.php(1206): CodeIgniter\Database\BaseConnection->table()
#1 /home/melon/Web/login/system/Model.php(437): CodeIgniter\Model->builder()
#2 /home/melon/Web/login/app/Controllers/Login.php(19): CodeIgniter\Model->findAll()
#3 /home/melon/Web/login/system/CodeIgniter.php(914): App\Controllers\Login->index()
#4 /home/melon/Web/login/system/CodeIgniter.php(400): CodeIgniter\CodeIgniter->runController()
#5 /home/melon/Web/login/system/CodeIgniter.php(308): CodeIgniter\CodeIgniter->handleRequest()
#6 /home/melon/Web/login/public/index.php(45): CodeIgniter\CodeIgniter->run()
#7 /home/melon/Web/login/system/Commands/Server/rewrite.php(34): require_once('/home/melon/Web...')
#8 {main}
CRITICAL - 2021-03-08 01:20:22 --> You must set the database table to be used with your query.
#0 /home/melon/Web/login/system/Model.php(1206): CodeIgniter\Database\BaseConnection->table()
#1 /home/melon/Web/login/system/Model.php(437): CodeIgniter\Model->builder()
#2 /home/melon/Web/login/app/Controllers/Login.php(19): CodeIgniter\Model->findAll()
#3 /home/melon/Web/login/system/CodeIgniter.php(914): App\Controllers\Login->index()
#4 /home/melon/Web/login/system/CodeIgniter.php(400): CodeIgniter\CodeIgniter->runController()
#5 /home/melon/Web/login/system/CodeIgniter.php(308): CodeIgniter\CodeIgniter->handleRequest()
#6 /home/melon/Web/login/public/index.php(45): CodeIgniter\CodeIgniter->run()
#7 /home/melon/Web/login/system/Commands/Server/rewrite.php(34): require_once('/home/melon/Web...')
#8 {main}
CRITICAL - 2021-03-08 01:20:40 --> Undefined variable: email
#0 /home/melon/Web/login/app/Controllers/Login.php(31): CodeIgniter\Debug\Exceptions->errorHandler()
#1 /home/melon/Web/login/system/CodeIgniter.php(914): App\Controllers\Login->login_action()
#2 /home/melon/Web/login/system/CodeIgniter.php(400): CodeIgniter\CodeIgniter->runController()
#3 /home/melon/Web/login/system/CodeIgniter.php(308): CodeIgniter\CodeIgniter->handleRequest()
#4 /home/melon/Web/login/public/index.php(45): CodeIgniter\CodeIgniter->run()
#5 /home/melon/Web/login/system/Commands/Server/rewrite.php(34): require_once('/home/melon/Web...')
#6 {main}
CRITICAL - 2021-03-08 01:20:53 --> Undefined variable: email
#0 /home/melon/Web/login/app/Controllers/Login.php(31): CodeIgniter\Debug\Exceptions->errorHandler()
#1 /home/melon/Web/login/system/CodeIgniter.php(914): App\Controllers\Login->login_action()
#2 /home/melon/Web/login/system/CodeIgniter.php(400): CodeIgniter\CodeIgniter->runController()
#3 /home/melon/Web/login/system/CodeIgniter.php(308): CodeIgniter\CodeIgniter->handleRequest()
#4 /home/melon/Web/login/public/index.php(45): CodeIgniter\CodeIgniter->run()
#5 /home/melon/Web/login/system/Commands/Server/rewrite.php(34): require_once('/home/melon/Web...')
#6 {main}
CRITICAL - 2021-03-08 01:24:24 --> syntax error, unexpected ']'
#0 /home/melon/Web/login/system/Router/Router.php(192): CodeIgniter\Router\Router->autoRoute()
#1 /home/melon/Web/login/system/CodeIgniter.php(789): CodeIgniter\Router\Router->handle()
#2 /home/melon/Web/login/system/CodeIgniter.php(360): CodeIgniter\CodeIgniter->tryToRouteIt()
#3 /home/melon/Web/login/system/CodeIgniter.php(308): CodeIgniter\CodeIgniter->handleRequest()
#4 /home/melon/Web/login/public/index.php(45): CodeIgniter\CodeIgniter->run()
#5 /home/melon/Web/login/system/Commands/Server/rewrite.php(34): require_once('/home/melon/Web...')
#6 {main}
CRITICAL - 2021-03-08 01:25:07 --> Undefined index: email
#0 /home/melon/Web/login/app/Controllers/Login.php(31): CodeIgniter\Debug\Exceptions->errorHandler()
#1 /home/melon/Web/login/system/CodeIgniter.php(914): App\Controllers\Login->login_action()
#2 /home/melon/Web/login/system/CodeIgniter.php(400): CodeIgniter\CodeIgniter->runController()
#3 /home/melon/Web/login/system/CodeIgniter.php(308): CodeIgniter\CodeIgniter->handleRequest()
#4 /home/melon/Web/login/public/index.php(45): CodeIgniter\CodeIgniter->run()
#5 /home/melon/Web/login/system/Commands/Server/rewrite.php(34): require_once('/home/melon/Web...')
#6 {main}
CRITICAL - 2021-03-08 01:35:39 --> Undefined variable: email_u
#0 /home/melon/Web/login/app/Controllers/Login.php(29): CodeIgniter\Debug\Exceptions->errorHandler()
#1 /home/melon/Web/login/system/CodeIgniter.php(914): App\Controllers\Login->login_action()
#2 /home/melon/Web/login/system/CodeIgniter.php(400): CodeIgniter\CodeIgniter->runController()
#3 /home/melon/Web/login/system/CodeIgniter.php(308): CodeIgniter\CodeIgniter->handleRequest()
#4 /home/melon/Web/login/public/index.php(45): CodeIgniter\CodeIgniter->run()
#5 /home/melon/Web/login/system/Commands/Server/rewrite.php(34): require_once('/home/melon/Web...')
#6 {main}
CRITICAL - 2021-03-08 01:36:19 --> Undefined property: App\Controllers\Login::$loginModel
#0 /home/melon/Web/login/app/Controllers/Login.php(23): CodeIgniter\Debug\Exceptions->errorHandler()
#1 /home/melon/Web/login/system/CodeIgniter.php(914): App\Controllers\Login->login_action()
#2 /home/melon/Web/login/system/CodeIgniter.php(400): CodeIgniter\CodeIgniter->runController()
#3 /home/melon/Web/login/system/CodeIgniter.php(308): CodeIgniter\CodeIgniter->handleRequest()
#4 /home/melon/Web/login/public/index.php(45): CodeIgniter\CodeIgniter->run()
#5 /home/melon/Web/login/system/Commands/Server/rewrite.php(34): require_once('/home/melon/Web...')
#6 {main}
CRITICAL - 2021-03-08 01:41:17 --> Undefined variable: loginModel
#0 /home/melon/Web/login/app/Controllers/Login.php(28): CodeIgniter\Debug\Exceptions->errorHandler()
#1 /home/melon/Web/login/system/CodeIgniter.php(914): App\Controllers\Login->login_action()
#2 /home/melon/Web/login/system/CodeIgniter.php(400): CodeIgniter\CodeIgniter->runController()
#3 /home/melon/Web/login/system/CodeIgniter.php(308): CodeIgniter\CodeIgniter->handleRequest()
#4 /home/melon/Web/login/public/index.php(45): CodeIgniter\CodeIgniter->run()
#5 /home/melon/Web/login/system/Commands/Server/rewrite.php(34): require_once('/home/melon/Web...')
#6 {main}
CRITICAL - 2021-03-08 01:48:14 --> Undefined property: App\Controllers\Login::$db
#0 /home/melon/Web/login/app/Controllers/Login.php(29): CodeIgniter\Debug\Exceptions->errorHandler()
#1 /home/melon/Web/login/system/CodeIgniter.php(914): App\Controllers\Login->login_action()
#2 /home/melon/Web/login/system/CodeIgniter.php(400): CodeIgniter\CodeIgniter->runController()
#3 /home/melon/Web/login/system/CodeIgniter.php(308): CodeIgniter\CodeIgniter->handleRequest()
#4 /home/melon/Web/login/public/index.php(45): CodeIgniter\CodeIgniter->run()
#5 /home/melon/Web/login/system/Commands/Server/rewrite.php(34): require_once('/home/melon/Web...')
#6 {main}
CRITICAL - 2021-03-08 01:50:28 --> Undefined property: App\Controllers\Login::$db
#0 /home/melon/Web/login/app/Controllers/Login.php(29): CodeIgniter\Debug\Exceptions->errorHandler()
#1 /home/melon/Web/login/system/CodeIgniter.php(914): App\Controllers\Login->login_action()
#2 /home/melon/Web/login/system/CodeIgniter.php(400): CodeIgniter\CodeIgniter->runController()
#3 /home/melon/Web/login/system/CodeIgniter.php(308): CodeIgniter\CodeIgniter->handleRequest()
#4 /home/melon/Web/login/public/index.php(45): CodeIgniter\CodeIgniter->run()
#5 /home/melon/Web/login/system/Commands/Server/rewrite.php(34): require_once('/home/melon/Web...')
#6 {main}
CRITICAL - 2021-03-08 02:02:44 --> Undefined property: App\Controllers\Login::$AuthModel
#0 /home/melon/Web/login/app/Controllers/Login.php(31): CodeIgniter\Debug\Exceptions->errorHandler()
#1 /home/melon/Web/login/system/CodeIgniter.php(914): App\Controllers\Login->login_action()
#2 /home/melon/Web/login/system/CodeIgniter.php(400): CodeIgniter\CodeIgniter->runController()
#3 /home/melon/Web/login/system/CodeIgniter.php(308): CodeIgniter\CodeIgniter->handleRequest()
#4 /home/melon/Web/login/public/index.php(45): CodeIgniter\CodeIgniter->run()
#5 /home/melon/Web/login/system/Commands/Server/rewrite.php(34): require_once('/home/melon/Web...')
#6 {main}
CRITICAL - 2021-03-08 02:24:56 --> syntax error, unexpected '$cek' (T_VARIABLE)
#0 /home/melon/Web/login/system/Router/Router.php(192): CodeIgniter\Router\Router->autoRoute()
#1 /home/melon/Web/login/system/CodeIgniter.php(789): CodeIgniter\Router\Router->handle()
#2 /home/melon/Web/login/system/CodeIgniter.php(360): CodeIgniter\CodeIgniter->tryToRouteIt()
#3 /home/melon/Web/login/system/CodeIgniter.php(308): CodeIgniter\CodeIgniter->handleRequest()
#4 /home/melon/Web/login/public/index.php(45): CodeIgniter\CodeIgniter->run()
#5 /home/melon/Web/login/system/Commands/Server/rewrite.php(34): require_once('/home/melon/Web...')
#6 {main}
