CRITICAL - 2021-04-12 00:54:12 --> Object of class App\Models\BeritaModel could not be converted to string
#0 /home/melon/Web/Berita/system/CodeIgniter.php(914): App\Controllers\Admin->index()
#1 /home/melon/Web/Berita/system/CodeIgniter.php(400): CodeIgniter\CodeIgniter->runController()
#2 /home/melon/Web/Berita/system/CodeIgniter.php(308): CodeIgniter\CodeIgniter->handleRequest()
#3 /home/melon/Web/Berita/public/index.php(45): CodeIgniter\CodeIgniter->run()
#4 /home/melon/Web/Berita/system/Commands/Server/rewrite.php(34): require_once('/home/melon/Web...')
#5 {main}
CRITICAL - 2021-04-12 00:54:23 --> Object of class App\Models\BeritaModel could not be converted to string
#0 /home/melon/Web/Berita/system/CodeIgniter.php(914): App\Controllers\Admin->index()
#1 /home/melon/Web/Berita/system/CodeIgniter.php(400): CodeIgniter\CodeIgniter->runController()
#2 /home/melon/Web/Berita/system/CodeIgniter.php(308): CodeIgniter\CodeIgniter->handleRequest()
#3 /home/melon/Web/Berita/public/index.php(45): CodeIgniter\CodeIgniter->run()
#4 /home/melon/Web/Berita/system/Commands/Server/rewrite.php(34): require_once('/home/melon/Web...')
#5 {main}
CRITICAL - 2021-04-12 00:55:04 --> Array to string conversion
#0 /home/melon/Web/Berita/app/Controllers/Admin.php(28): CodeIgniter\Debug\Exceptions->errorHandler()
#1 /home/melon/Web/Berita/system/CodeIgniter.php(914): App\Controllers\Admin->index()
#2 /home/melon/Web/Berita/system/CodeIgniter.php(400): CodeIgniter\CodeIgniter->runController()
#3 /home/melon/Web/Berita/system/CodeIgniter.php(308): CodeIgniter\CodeIgniter->handleRequest()
#4 /home/melon/Web/Berita/public/index.php(45): CodeIgniter\CodeIgniter->run()
#5 /home/melon/Web/Berita/system/Commands/Server/rewrite.php(34): require_once('/home/melon/Web...')
#6 {main}
CRITICAL - 2021-04-12 00:59:34 --> Trying to access array offset on value of type null
#0 /home/melon/Web/Berita/app/Views/admin/index.php(44): CodeIgniter\Debug\Exceptions->errorHandler()
#1 /home/melon/Web/Berita/system/View/View.php(246): include('/home/melon/Web...')
#2 /home/melon/Web/Berita/system/Common.php(1087): CodeIgniter\View\View->render()
#3 /home/melon/Web/Berita/app/Controllers/Admin.php(37): view()
#4 /home/melon/Web/Berita/system/CodeIgniter.php(914): App\Controllers\Admin->index()
#5 /home/melon/Web/Berita/system/CodeIgniter.php(400): CodeIgniter\CodeIgniter->runController()
#6 /home/melon/Web/Berita/system/CodeIgniter.php(308): CodeIgniter\CodeIgniter->handleRequest()
#7 /home/melon/Web/Berita/public/index.php(45): CodeIgniter\CodeIgniter->run()
#8 /home/melon/Web/Berita/system/Commands/Server/rewrite.php(34): require_once('/home/melon/Web...')
#9 {main}
CRITICAL - 2021-04-12 01:03:54 --> Trying to access array offset on value of type null
#0 /home/melon/Web/Berita/app/Views/admin/index.php(44): CodeIgniter\Debug\Exceptions->errorHandler()
#1 /home/melon/Web/Berita/system/View/View.php(246): include('/home/melon/Web...')
#2 /home/melon/Web/Berita/system/Common.php(1087): CodeIgniter\View\View->render()
#3 /home/melon/Web/Berita/app/Controllers/Admin.php(38): view()
#4 /home/melon/Web/Berita/system/CodeIgniter.php(914): App\Controllers\Admin->index()
#5 /home/melon/Web/Berita/system/CodeIgniter.php(400): CodeIgniter\CodeIgniter->runController()
#6 /home/melon/Web/Berita/system/CodeIgniter.php(308): CodeIgniter\CodeIgniter->handleRequest()
#7 /home/melon/Web/Berita/public/index.php(45): CodeIgniter\CodeIgniter->run()
#8 /home/melon/Web/Berita/system/Commands/Server/rewrite.php(34): require_once('/home/melon/Web...')
#9 {main}
CRITICAL - 2021-04-12 01:04:29 --> Trying to access array offset on value of type null
#0 /home/melon/Web/Berita/app/Views/admin/index.php(44): CodeIgniter\Debug\Exceptions->errorHandler()
#1 /home/melon/Web/Berita/system/View/View.php(246): include('/home/melon/Web...')
#2 /home/melon/Web/Berita/system/Common.php(1087): CodeIgniter\View\View->render()
#3 /home/melon/Web/Berita/app/Controllers/Admin.php(38): view()
#4 /home/melon/Web/Berita/system/CodeIgniter.php(914): App\Controllers\Admin->index()
#5 /home/melon/Web/Berita/system/CodeIgniter.php(400): CodeIgniter\CodeIgniter->runController()
#6 /home/melon/Web/Berita/system/CodeIgniter.php(308): CodeIgniter\CodeIgniter->handleRequest()
#7 /home/melon/Web/Berita/public/index.php(45): CodeIgniter\CodeIgniter->run()
#8 /home/melon/Web/Berita/system/Commands/Server/rewrite.php(34): require_once('/home/melon/Web...')
#9 {main}
CRITICAL - 2021-04-12 01:04:52 --> Trying to access array offset on value of type null
#0 /home/melon/Web/Berita/app/Views/admin/index.php(44): CodeIgniter\Debug\Exceptions->errorHandler()
#1 /home/melon/Web/Berita/system/View/View.php(246): include('/home/melon/Web...')
#2 /home/melon/Web/Berita/system/Common.php(1087): CodeIgniter\View\View->render()
#3 /home/melon/Web/Berita/app/Controllers/Admin.php(38): view()
#4 /home/melon/Web/Berita/system/CodeIgniter.php(914): App\Controllers\Admin->index()
#5 /home/melon/Web/Berita/system/CodeIgniter.php(400): CodeIgniter\CodeIgniter->runController()
#6 /home/melon/Web/Berita/system/CodeIgniter.php(308): CodeIgniter\CodeIgniter->handleRequest()
#7 /home/melon/Web/Berita/public/index.php(45): CodeIgniter\CodeIgniter->run()
#8 /home/melon/Web/Berita/system/Commands/Server/rewrite.php(34): require_once('/home/melon/Web...')
#9 {main}
CRITICAL - 2021-04-12 01:05:24 --> Trying to access array offset on value of type null
#0 /home/melon/Web/Berita/app/Views/admin/index.php(44): CodeIgniter\Debug\Exceptions->errorHandler()
#1 /home/melon/Web/Berita/system/View/View.php(246): include('/home/melon/Web...')
#2 /home/melon/Web/Berita/system/Common.php(1087): CodeIgniter\View\View->render()
#3 /home/melon/Web/Berita/app/Controllers/Admin.php(38): view()
#4 /home/melon/Web/Berita/system/CodeIgniter.php(914): App\Controllers\Admin->index()
#5 /home/melon/Web/Berita/system/CodeIgniter.php(400): CodeIgniter\CodeIgniter->runController()
#6 /home/melon/Web/Berita/system/CodeIgniter.php(308): CodeIgniter\CodeIgniter->handleRequest()
#7 /home/melon/Web/Berita/public/index.php(45): CodeIgniter\CodeIgniter->run()
#8 /home/melon/Web/Berita/system/Commands/Server/rewrite.php(34): require_once('/home/melon/Web...')
#9 {main}
CRITICAL - 2021-04-12 01:06:27 --> Trying to access array offset on value of type null
#0 /home/melon/Web/Berita/app/Views/admin/index.php(44): CodeIgniter\Debug\Exceptions->errorHandler()
#1 /home/melon/Web/Berita/system/View/View.php(246): include('/home/melon/Web...')
#2 /home/melon/Web/Berita/system/Common.php(1087): CodeIgniter\View\View->render()
#3 /home/melon/Web/Berita/app/Controllers/Admin.php(38): view()
#4 /home/melon/Web/Berita/system/CodeIgniter.php(914): App\Controllers\Admin->index()
#5 /home/melon/Web/Berita/system/CodeIgniter.php(400): CodeIgniter\CodeIgniter->runController()
#6 /home/melon/Web/Berita/system/CodeIgniter.php(308): CodeIgniter\CodeIgniter->handleRequest()
#7 /home/melon/Web/Berita/public/index.php(45): CodeIgniter\CodeIgniter->run()
#8 /home/melon/Web/Berita/system/Commands/Server/rewrite.php(34): require_once('/home/melon/Web...')
#9 {main}
CRITICAL - 2021-04-12 01:07:40 --> Trying to access array offset on value of type null
#0 /home/melon/Web/Berita/app/Views/admin/index.php(44): CodeIgniter\Debug\Exceptions->errorHandler()
#1 /home/melon/Web/Berita/system/View/View.php(246): include('/home/melon/Web...')
#2 /home/melon/Web/Berita/system/Common.php(1087): CodeIgniter\View\View->render()
#3 /home/melon/Web/Berita/app/Controllers/Admin.php(38): view()
#4 /home/melon/Web/Berita/system/CodeIgniter.php(914): App\Controllers\Admin->index()
#5 /home/melon/Web/Berita/system/CodeIgniter.php(400): CodeIgniter\CodeIgniter->runController()
#6 /home/melon/Web/Berita/system/CodeIgniter.php(308): CodeIgniter\CodeIgniter->handleRequest()
#7 /home/melon/Web/Berita/public/index.php(45): CodeIgniter\CodeIgniter->run()
#8 /home/melon/Web/Berita/system/Commands/Server/rewrite.php(34): require_once('/home/melon/Web...')
#9 {main}
CRITICAL - 2021-04-12 01:08:48 --> Trying to access array offset on value of type null
#0 /home/melon/Web/Berita/app/Views/admin/index.php(44): CodeIgniter\Debug\Exceptions->errorHandler()
#1 /home/melon/Web/Berita/system/View/View.php(246): include('/home/melon/Web...')
#2 /home/melon/Web/Berita/system/Common.php(1087): CodeIgniter\View\View->render()
#3 /home/melon/Web/Berita/app/Controllers/Admin.php(38): view()
#4 /home/melon/Web/Berita/system/CodeIgniter.php(914): App\Controllers\Admin->index()
#5 /home/melon/Web/Berita/system/CodeIgniter.php(400): CodeIgniter\CodeIgniter->runController()
#6 /home/melon/Web/Berita/system/CodeIgniter.php(308): CodeIgniter\CodeIgniter->handleRequest()
#7 /home/melon/Web/Berita/public/index.php(45): CodeIgniter\CodeIgniter->run()
#8 /home/melon/Web/Berita/system/Commands/Server/rewrite.php(34): require_once('/home/melon/Web...')
#9 {main}
CRITICAL - 2021-04-12 01:10:41 --> Trying to access array offset on value of type null
#0 /home/melon/Web/Berita/app/Views/admin/index.php(44): CodeIgniter\Debug\Exceptions->errorHandler()
#1 /home/melon/Web/Berita/system/View/View.php(246): include('/home/melon/Web...')
#2 /home/melon/Web/Berita/system/Common.php(1087): CodeIgniter\View\View->render()
#3 /home/melon/Web/Berita/app/Controllers/Admin.php(38): view()
#4 /home/melon/Web/Berita/system/CodeIgniter.php(914): App\Controllers\Admin->index()
#5 /home/melon/Web/Berita/system/CodeIgniter.php(400): CodeIgniter\CodeIgniter->runController()
#6 /home/melon/Web/Berita/system/CodeIgniter.php(308): CodeIgniter\CodeIgniter->handleRequest()
#7 /home/melon/Web/Berita/public/index.php(45): CodeIgniter\CodeIgniter->run()
#8 /home/melon/Web/Berita/system/Commands/Server/rewrite.php(34): require_once('/home/melon/Web...')
#9 {main}
