CRITICAL - 2021-03-11 06:07:28 --> Undefined variable: berita
#0 /home/melon/Web/login/app/Views/admin/index.php(149): CodeIgniter\Debug\Exceptions->errorHandler()
#1 /home/melon/Web/login/system/View/View.php(246): include('/home/melon/Web...')
#2 /home/melon/Web/login/system/Common.php(1087): CodeIgniter\View\View->render()
#3 /home/melon/Web/login/app/Controllers/Login.php(47): view()
#4 /home/melon/Web/login/system/CodeIgniter.php(914): App\Controllers\Login->login_action()
#5 /home/melon/Web/login/system/CodeIgniter.php(400): CodeIgniter\CodeIgniter->runController()
#6 /home/melon/Web/login/system/CodeIgniter.php(308): CodeIgniter\CodeIgniter->handleRequest()
#7 /home/melon/Web/login/public/index.php(45): CodeIgniter\CodeIgniter->run()
#8 /home/melon/Web/login/system/Commands/Server/rewrite.php(34): require_once('/home/melon/Web...')
#9 {main}
CRITICAL - 2021-03-11 06:08:49 --> Undefined variable: berita
#0 /home/melon/Web/login/app/Views/admin/index.php(149): CodeIgniter\Debug\Exceptions->errorHandler()
#1 /home/melon/Web/login/system/View/View.php(246): include('/home/melon/Web...')
#2 /home/melon/Web/login/system/Common.php(1087): CodeIgniter\View\View->render()
#3 /home/melon/Web/login/app/Controllers/Login.php(47): view()
#4 /home/melon/Web/login/system/CodeIgniter.php(914): App\Controllers\Login->login_action()
#5 /home/melon/Web/login/system/CodeIgniter.php(400): CodeIgniter\CodeIgniter->runController()
#6 /home/melon/Web/login/system/CodeIgniter.php(308): CodeIgniter\CodeIgniter->handleRequest()
#7 /home/melon/Web/login/public/index.php(45): CodeIgniter\CodeIgniter->run()
#8 /home/melon/Web/login/system/Commands/Server/rewrite.php(34): require_once('/home/melon/Web...')
#9 {main}
CRITICAL - 2021-03-11 06:09:45 --> Undefined variable: berita
#0 /home/melon/Web/login/app/Views/admin/index.php(149): CodeIgniter\Debug\Exceptions->errorHandler()
#1 /home/melon/Web/login/system/View/View.php(246): include('/home/melon/Web...')
#2 /home/melon/Web/login/system/Common.php(1087): CodeIgniter\View\View->render()
#3 /home/melon/Web/login/app/Controllers/Login.php(47): view()
#4 /home/melon/Web/login/system/CodeIgniter.php(914): App\Controllers\Login->login_action()
#5 /home/melon/Web/login/system/CodeIgniter.php(400): CodeIgniter\CodeIgniter->runController()
#6 /home/melon/Web/login/system/CodeIgniter.php(308): CodeIgniter\CodeIgniter->handleRequest()
#7 /home/melon/Web/login/public/index.php(45): CodeIgniter\CodeIgniter->run()
#8 /home/melon/Web/login/system/Commands/Server/rewrite.php(34): require_once('/home/melon/Web...')
#9 {main}
CRITICAL - 2021-03-11 06:09:56 --> Undefined variable: berita
#0 /home/melon/Web/login/app/Views/admin/index.php(149): CodeIgniter\Debug\Exceptions->errorHandler()
#1 /home/melon/Web/login/system/View/View.php(246): include('/home/melon/Web...')
#2 /home/melon/Web/login/system/Common.php(1087): CodeIgniter\View\View->render()
#3 /home/melon/Web/login/app/Controllers/Login.php(47): view()
#4 /home/melon/Web/login/system/CodeIgniter.php(914): App\Controllers\Login->login_action()
#5 /home/melon/Web/login/system/CodeIgniter.php(400): CodeIgniter\CodeIgniter->runController()
#6 /home/melon/Web/login/system/CodeIgniter.php(308): CodeIgniter\CodeIgniter->handleRequest()
#7 /home/melon/Web/login/public/index.php(45): CodeIgniter\CodeIgniter->run()
#8 /home/melon/Web/login/system/Commands/Server/rewrite.php(34): require_once('/home/melon/Web...')
#9 {main}
CRITICAL - 2021-03-11 06:12:30 --> Undefined variable: berita
#0 /home/melon/Web/login/app/Views/admin/index.php(149): CodeIgniter\Debug\Exceptions->errorHandler()
#1 /home/melon/Web/login/system/View/View.php(246): include('/home/melon/Web...')
#2 /home/melon/Web/login/system/Common.php(1087): CodeIgniter\View\View->render()
#3 /home/melon/Web/login/app/Controllers/Login.php(47): view()
#4 /home/melon/Web/login/system/CodeIgniter.php(914): App\Controllers\Login->login_action()
#5 /home/melon/Web/login/system/CodeIgniter.php(400): CodeIgniter\CodeIgniter->runController()
#6 /home/melon/Web/login/system/CodeIgniter.php(308): CodeIgniter\CodeIgniter->handleRequest()
#7 /home/melon/Web/login/public/index.php(45): CodeIgniter\CodeIgniter->run()
#8 /home/melon/Web/login/system/Commands/Server/rewrite.php(34): require_once('/home/melon/Web...')
#9 {main}
CRITICAL - 2021-03-11 06:13:08 --> Undefined variable: berita
#0 /home/melon/Web/login/app/Views/admin/index.php(149): CodeIgniter\Debug\Exceptions->errorHandler()
#1 /home/melon/Web/login/system/View/View.php(246): include('/home/melon/Web...')
#2 /home/melon/Web/login/system/Common.php(1087): CodeIgniter\View\View->render()
#3 /home/melon/Web/login/app/Controllers/Login.php(47): view()
#4 /home/melon/Web/login/system/CodeIgniter.php(914): App\Controllers\Login->login_action()
#5 /home/melon/Web/login/system/CodeIgniter.php(400): CodeIgniter\CodeIgniter->runController()
#6 /home/melon/Web/login/system/CodeIgniter.php(308): CodeIgniter\CodeIgniter->handleRequest()
#7 /home/melon/Web/login/public/index.php(45): CodeIgniter\CodeIgniter->run()
#8 /home/melon/Web/login/system/Commands/Server/rewrite.php(34): require_once('/home/melon/Web...')
#9 {main}
CRITICAL - 2021-03-11 06:13:26 --> Undefined variable: berita
#0 /home/melon/Web/login/app/Views/admin/index.php(149): CodeIgniter\Debug\Exceptions->errorHandler()
#1 /home/melon/Web/login/system/View/View.php(246): include('/home/melon/Web...')
#2 /home/melon/Web/login/system/Common.php(1087): CodeIgniter\View\View->render()
#3 /home/melon/Web/login/app/Controllers/Login.php(47): view()
#4 /home/melon/Web/login/system/CodeIgniter.php(914): App\Controllers\Login->login_action()
#5 /home/melon/Web/login/system/CodeIgniter.php(400): CodeIgniter\CodeIgniter->runController()
#6 /home/melon/Web/login/system/CodeIgniter.php(308): CodeIgniter\CodeIgniter->handleRequest()
#7 /home/melon/Web/login/public/index.php(45): CodeIgniter\CodeIgniter->run()
#8 /home/melon/Web/login/system/Commands/Server/rewrite.php(34): require_once('/home/melon/Web...')
#9 {main}
CRITICAL - 2021-03-11 06:14:01 --> Undefined variable: beritaa
#0 /home/melon/Web/login/app/Views/admin/index.php(149): CodeIgniter\Debug\Exceptions->errorHandler()
#1 /home/melon/Web/login/system/View/View.php(246): include('/home/melon/Web...')
#2 /home/melon/Web/login/system/Common.php(1087): CodeIgniter\View\View->render()
#3 /home/melon/Web/login/app/Controllers/Login.php(47): view()
#4 /home/melon/Web/login/system/CodeIgniter.php(914): App\Controllers\Login->login_action()
#5 /home/melon/Web/login/system/CodeIgniter.php(400): CodeIgniter\CodeIgniter->runController()
#6 /home/melon/Web/login/system/CodeIgniter.php(308): CodeIgniter\CodeIgniter->handleRequest()
#7 /home/melon/Web/login/public/index.php(45): CodeIgniter\CodeIgniter->run()
#8 /home/melon/Web/login/system/Commands/Server/rewrite.php(34): require_once('/home/melon/Web...')
#9 {main}
CRITICAL - 2021-03-11 11:50:53 --> Illegal string offset 'sampul'
#0 /home/melon/Web/login/app/Views/admin/detail_berita.php(154): CodeIgniter\Debug\Exceptions->errorHandler()
#1 /home/melon/Web/login/system/View/View.php(246): include('/home/melon/Web...')
#2 /home/melon/Web/login/system/Common.php(1087): CodeIgniter\View\View->render()
#3 /home/melon/Web/login/app/Controllers/Admin.php(91): view()
#4 /home/melon/Web/login/system/CodeIgniter.php(914): App\Controllers\Admin->detail()
#5 /home/melon/Web/login/system/CodeIgniter.php(400): CodeIgniter\CodeIgniter->runController()
#6 /home/melon/Web/login/system/CodeIgniter.php(308): CodeIgniter\CodeIgniter->handleRequest()
#7 /home/melon/Web/login/public/index.php(45): CodeIgniter\CodeIgniter->run()
#8 /home/melon/Web/login/system/Commands/Server/rewrite.php(34): require_once('/home/melon/Web...')
#9 {main}
CRITICAL - 2021-03-11 11:51:49 --> Illegal string offset 'sampul'
#0 /home/melon/Web/login/app/Views/admin/detail_berita.php(154): CodeIgniter\Debug\Exceptions->errorHandler()
#1 /home/melon/Web/login/system/View/View.php(246): include('/home/melon/Web...')
#2 /home/melon/Web/login/system/Common.php(1087): CodeIgniter\View\View->render()
#3 /home/melon/Web/login/app/Controllers/Admin.php(91): view()
#4 /home/melon/Web/login/system/CodeIgniter.php(914): App\Controllers\Admin->detail()
#5 /home/melon/Web/login/system/CodeIgniter.php(400): CodeIgniter\CodeIgniter->runController()
#6 /home/melon/Web/login/system/CodeIgniter.php(308): CodeIgniter\CodeIgniter->handleRequest()
#7 /home/melon/Web/login/public/index.php(45): CodeIgniter\CodeIgniter->run()
#8 /home/melon/Web/login/system/Commands/Server/rewrite.php(34): require_once('/home/melon/Web...')
#9 {main}
CRITICAL - 2021-03-11 11:56:53 --> Undefined variable: komik
#0 /home/melon/Web/login/app/Views/admin/detail_berita.php(167): CodeIgniter\Debug\Exceptions->errorHandler()
#1 /home/melon/Web/login/system/View/View.php(246): include('/home/melon/Web...')
#2 /home/melon/Web/login/system/Common.php(1087): CodeIgniter\View\View->render()
#3 /home/melon/Web/login/app/Controllers/Admin.php(91): view()
#4 /home/melon/Web/login/system/CodeIgniter.php(914): App\Controllers\Admin->detail()
#5 /home/melon/Web/login/system/CodeIgniter.php(400): CodeIgniter\CodeIgniter->runController()
#6 /home/melon/Web/login/system/CodeIgniter.php(308): CodeIgniter\CodeIgniter->handleRequest()
#7 /home/melon/Web/login/public/index.php(45): CodeIgniter\CodeIgniter->run()
#8 /home/melon/Web/login/system/Commands/Server/rewrite.php(34): require_once('/home/melon/Web...')
#9 {main}
CRITICAL - 2021-03-11 21:51:11 --> Undefined variable: pager
#0 /home/melon/Web/login/app/Views/kategori/index.php(186): CodeIgniter\Debug\Exceptions->errorHandler()
#1 /home/melon/Web/login/system/View/View.php(246): include('/home/melon/Web...')
#2 /home/melon/Web/login/system/Common.php(1087): CodeIgniter\View\View->render()
#3 /home/melon/Web/login/app/Controllers/Kategori.php(23): view()
#4 /home/melon/Web/login/system/CodeIgniter.php(914): App\Controllers\Kategori->index()
#5 /home/melon/Web/login/system/CodeIgniter.php(400): CodeIgniter\CodeIgniter->runController()
#6 /home/melon/Web/login/system/CodeIgniter.php(308): CodeIgniter\CodeIgniter->handleRequest()
#7 /home/melon/Web/login/public/index.php(45): CodeIgniter\CodeIgniter->run()
#8 /home/melon/Web/login/system/Commands/Server/rewrite.php(34): require_once('/home/melon/Web...')
#9 {main}
CRITICAL - 2021-03-11 21:53:17 --> Undefined variable: pager
#0 /home/melon/Web/login/app/Views/kategori/index.php(186): CodeIgniter\Debug\Exceptions->errorHandler()
#1 /home/melon/Web/login/system/View/View.php(246): include('/home/melon/Web...')
#2 /home/melon/Web/login/system/Common.php(1087): CodeIgniter\View\View->render()
#3 /home/melon/Web/login/app/Controllers/Kategori.php(23): view()
#4 /home/melon/Web/login/system/CodeIgniter.php(914): App\Controllers\Kategori->index()
#5 /home/melon/Web/login/system/CodeIgniter.php(400): CodeIgniter\CodeIgniter->runController()
#6 /home/melon/Web/login/system/CodeIgniter.php(308): CodeIgniter\CodeIgniter->handleRequest()
#7 /home/melon/Web/login/public/index.php(45): CodeIgniter\CodeIgniter->run()
#8 /home/melon/Web/login/system/Commands/Server/rewrite.php(34): require_once('/home/melon/Web...')
#9 {main}
CRITICAL - 2021-03-11 22:24:17 --> Undefined variable: nama
#0 /home/melon/Web/login/app/Views/layout/admin_template.php(167): CodeIgniter\Debug\Exceptions->errorHandler()
#1 /home/melon/Web/login/system/View/View.php(246): include('/home/melon/Web...')
#2 /home/melon/Web/login/system/View/View.php(257): CodeIgniter\View\View->render()
#3 /home/melon/Web/login/system/Common.php(1087): CodeIgniter\View\View->render()
#4 /home/melon/Web/login/app/Controllers/Login.php(52): view()
#5 /home/melon/Web/login/system/CodeIgniter.php(914): App\Controllers\Login->login_action()
#6 /home/melon/Web/login/system/CodeIgniter.php(400): CodeIgniter\CodeIgniter->runController()
#7 /home/melon/Web/login/system/CodeIgniter.php(308): CodeIgniter\CodeIgniter->handleRequest()
#8 /home/melon/Web/login/public/index.php(45): CodeIgniter\CodeIgniter->run()
#9 /home/melon/Web/login/system/Commands/Server/rewrite.php(34): require_once('/home/melon/Web...')
#10 {main}
